TN:
SF:src\components\security-trainer\CompletionCelebration.tsx
FN:21,triggerCelebration
FN:23,(anonymous_1)
FN:31,randomBetween
FN:35,CompletionCelebration
FN:40,(anonymous_4)
FN:41,(anonymous_5)
FN:43,(anonymous_6)
FN:47,(anonymous_7)
FN:64,(anonymous_8)
FN:65,(anonymous_9)
FN:72,(anonymous_10)
FN:73,(anonymous_11)
FN:78,(anonymous_12)
FN:93,(anonymous_13)
FN:94,(anonymous_14)
FN:96,(anonymous_15)
FN:108,(anonymous_16)
FN:114,(anonymous_17)
FN:115,(anonymous_18)
FN:126,(anonymous_19)
FNF:20
FNH:13
FNDA:4,triggerCelebration
FNDA:4,(anonymous_1)
FNDA:800,randomBetween
FNDA:10,CompletionCelebration
FNDA:5,(anonymous_4)
FNDA:0,(anonymous_5)
FNDA:0,(anonymous_6)
FNDA:0,(anonymous_7)
FNDA:5,(anonymous_8)
FNDA:0,(anonymous_9)
FNDA:0,(anonymous_10)
FNDA:0,(anonymous_11)
FNDA:0,(anonymous_12)
FNDA:5,(anonymous_13)
FNDA:4,(anonymous_14)
FNDA:160,(anonymous_15)
FNDA:1,(anonymous_16)
FNDA:5,(anonymous_17)
FNDA:5,(anonymous_18)
FNDA:160,(anonymous_19)
DA:1,1
DA:19,1
DA:22,4
DA:23,4
DA:26,1
DA:32,800
DA:36,10
DA:37,10
DA:40,10
DA:41,5
DA:42,0
DA:43,0
DA:44,0
DA:46,0
DA:47,0
DA:48,0
DA:49,0
DA:58,5
DA:62,10
DA:64,10
DA:65,5
DA:66,0
DA:70,0
DA:72,0
DA:73,0
DA:75,0
DA:76,0
DA:77,0
DA:78,0
DA:79,0
DA:80,0
DA:81,0
DA:82,0
DA:86,0
DA:88,5
DA:91,10
DA:93,10
DA:94,5
DA:95,4
DA:96,160
DA:106,4
DA:107,4
DA:108,4
DA:109,1
DA:110,1
DA:113,5
DA:114,5
DA:115,5
DA:116,5
DA:120,10
DA:127,160
LF:51
LH:31
BRDA:42,0,0,0
BRDA:42,0,1,0
BRDA:48,1,0,0
BRDA:48,1,1,0
BRDA:67,2,0,0
BRDA:67,2,1,0
BRDA:68,3,0,0
BRDA:68,3,1,0
BRDA:77,4,0,0
BRDA:77,4,1,0
BRDA:79,5,0,0
BRDA:79,5,1,0
BRDA:103,6,0,77
BRDA:103,6,1,83
BRDA:107,7,0,0
BRDA:107,7,1,4
BRDA:116,8,0,4
BRDA:116,8,1,1
BRDA:122,9,0,10
BRDA:122,9,1,4
BRDA:161,10,0,3
BRDA:161,10,1,1
BRDA:165,11,0,1
BRDA:165,11,1,0
BRDA:176,12,0,4
BRDA:176,12,1,1
BRF:26
BRH:12
end_of_record
TN:
SF:src\components\security-trainer\HintPanel.tsx
FN:15,HintPanel
FN:24,(anonymous_1)
FN:38,(anonymous_2)
FNF:3
FNH:3
FNDA:21,HintPanel
FNDA:5,(anonymous_1)
FNDA:7,(anonymous_2)
DA:1,1
DA:16,21
DA:17,21
DA:18,21
DA:20,21
DA:22,19
DA:24,19
DA:25,5
DA:26,5
DA:27,5
DA:28,5
DA:29,5
DA:33,19
DA:35,19
DA:38,7
LF:15
LH:15
BRDA:20,0,0,2
BRDA:20,0,1,19
BRDA:20,1,0,21
BRDA:20,1,1,20
BRDA:25,2,0,5
BRDA:25,2,1,0
BRDA:44,3,0,19
BRDA:44,3,1,5
BRDA:50,4,0,11
BRDA:50,4,1,8
BRDA:54,5,0,21
BRDA:54,5,1,11
BRDA:61,6,0,11
BRDA:61,6,1,6
BRDA:67,7,0,11
BRDA:67,7,1,5
BRDA:84,8,0,11
BRDA:84,8,1,8
BRDA:92,9,0,6
BRDA:92,9,1,2
BRDA:98,10,0,11
BRDA:98,10,1,3
BRDA:98,10,2,3
BRF:23
BRH:22
end_of_record
TN:
SF:src\components\security-trainer\QuizSystem.tsx
FN:49,getDifficultyBreakdown
FN:64,QuizSystem
FN:65,(anonymous_2)
FN:66,(anonymous_3)
FN:67,(anonymous_4)
FN:95,(anonymous_5)
FN:106,(anonymous_6)
FN:109,(anonymous_7)
FN:116,(anonymous_8)
FN:118,(anonymous_9)
FN:137,(anonymous_10)
FN:142,(anonymous_11)
FN:149,(anonymous_12)
FN:157,(anonymous_13)
FN:165,(anonymous_14)
FN:173,(anonymous_15)
FN:188,(anonymous_16)
FN:190,(anonymous_17)
FN:199,(anonymous_18)
FN:208,(anonymous_19)
FN:212,(anonymous_20)
FN:213,(anonymous_21)
FN:220,(anonymous_22)
FN:230,(anonymous_23)
FN:234,(anonymous_24)
FN:237,(anonymous_25)
FN:243,(anonymous_26)
FN:247,(anonymous_27)
FN:248,(anonymous_28)
FN:254,(anonymous_29)
FN:258,(anonymous_30)
FN:260,(anonymous_31)
FN:265,(anonymous_32)
FN:272,(anonymous_33)
FN:287,(anonymous_34)
FN:295,(anonymous_35)
FN:326,(anonymous_36)
FN:328,(anonymous_37)
FN:331,(anonymous_38)
FN:356,(anonymous_39)
FN:390,(anonymous_40)
FN:393,(anonymous_41)
FN:412,(anonymous_42)
FN:415,(anonymous_43)
FN:426,(anonymous_44)
FN:437,(anonymous_45)
FN:553,(anonymous_46)
FN:571,(anonymous_47)
FN:636,(anonymous_48)
FN:689,(anonymous_49)
FN:691,(anonymous_50)
FN:698,(anonymous_51)
FN:712,(anonymous_52)
FN:724,(anonymous_53)
FNF:54
FNH:20
FNDA:60,getDifficultyBreakdown
FNDA:5,QuizSystem
FNDA:5,(anonymous_2)
FNDA:5,(anonymous_3)
FNDA:5,(anonymous_4)
FNDA:5,(anonymous_5)
FNDA:5,(anonymous_6)
FNDA:955,(anonymous_7)
FNDA:5,(anonymous_8)
FNDA:0,(anonymous_9)
FNDA:0,(anonymous_10)
FNDA:0,(anonymous_11)
FNDA:0,(anonymous_12)
FNDA:0,(anonymous_13)
FNDA:0,(anonymous_14)
FNDA:0,(anonymous_15)
FNDA:0,(anonymous_16)
FNDA:0,(anonymous_17)
FNDA:0,(anonymous_18)
FNDA:5,(anonymous_19)
FNDA:0,(anonymous_20)
FNDA:0,(anonymous_21)
FNDA:0,(anonymous_22)
FNDA:0,(anonymous_23)
FNDA:5,(anonymous_24)
FNDA:0,(anonymous_25)
FNDA:0,(anonymous_26)
FNDA:5,(anonymous_27)
FNDA:0,(anonymous_28)
FNDA:5,(anonymous_29)
FNDA:5,(anonymous_30)
FNDA:0,(anonymous_31)
FNDA:0,(anonymous_32)
FNDA:0,(anonymous_33)
FNDA:0,(anonymous_34)
FNDA:0,(anonymous_35)
FNDA:5,(anonymous_36)
FNDA:5,(anonymous_37)
FNDA:0,(anonymous_38)
FNDA:0,(anonymous_39)
FNDA:20,(anonymous_40)
FNDA:0,(anonymous_41)
FNDA:60,(anonymous_42)
FNDA:11460,(anonymous_43)
FNDA:0,(anonymous_44)
FNDA:180,(anonymous_45)
FNDA:0,(anonymous_46)
FNDA:0,(anonymous_47)
FNDA:0,(anonymous_48)
FNDA:0,(anonymous_49)
FNDA:0,(anonymous_50)
FNDA:0,(anonymous_51)
FNDA:0,(anonymous_52)
FNDA:0,(anonymous_53)
DA:1,1
DA:36,1
DA:50,60
DA:51,60
DA:52,855
DA:54,60
DA:57,1
DA:58,1
DA:65,5
DA:66,5
DA:67,5
DA:68,5
DA:69,5
DA:70,5
DA:71,5
DA:72,5
DA:73,5
DA:74,5
DA:75,5
DA:76,5
DA:77,5
DA:78,5
DA:79,5
DA:80,5
DA:81,5
DA:82,5
DA:83,5
DA:84,5
DA:85,5
DA:86,5
DA:87,5
DA:88,5
DA:89,5
DA:90,5
DA:91,5
DA:92,5
DA:93,5
DA:95,5
DA:96,5
DA:97,5
DA:98,5
DA:99,5
DA:100,5
DA:101,5
DA:102,5
DA:103,5
DA:106,5
DA:107,5
DA:108,5
DA:109,5
DA:110,955
DA:111,955
DA:112,955
DA:116,5
DA:118,5
DA:119,0
DA:120,0
DA:121,0
DA:122,0
DA:123,0
DA:124,0
DA:125,0
DA:126,0
DA:127,0
DA:128,0
DA:129,0
DA:130,0
DA:131,0
DA:132,0
DA:133,0
DA:134,0
DA:137,5
DA:138,0
DA:139,0
DA:140,0
DA:141,0
DA:142,0
DA:143,0
DA:144,0
DA:145,0
DA:146,0
DA:148,0
DA:149,0
DA:150,0
DA:151,0
DA:152,0
DA:153,0
DA:154,0
DA:156,0
DA:157,0
DA:163,0
DA:165,0
DA:166,0
DA:169,0
DA:173,5
DA:174,0
DA:175,0
DA:176,0
DA:177,0
DA:178,0
DA:179,0
DA:180,0
DA:181,0
DA:182,0
DA:183,0
DA:184,0
DA:186,0
DA:188,0
DA:190,0
DA:191,0
DA:192,0
DA:193,0
DA:196,0
DA:198,0
DA:199,0
DA:202,0
DA:203,0
DA:204,0
DA:208,5
DA:209,5
DA:210,0
DA:211,0
DA:212,0
DA:213,0
DA:214,0
DA:215,0
DA:216,0
DA:217,0
DA:218,0
DA:219,0
DA:220,0
DA:221,0
DA:222,0
DA:223,0
DA:225,0
DA:227,0
DA:230,0
DA:234,5
DA:235,5
DA:236,0
DA:237,0
DA:239,0
DA:240,0
DA:243,0
DA:247,5
DA:248,5
DA:249,0
DA:250,0
DA:253,5
DA:254,5
DA:258,5
DA:259,5
DA:260,0
DA:261,0
DA:262,0
DA:264,0
DA:265,0
DA:268,5
DA:269,5
DA:272,5
DA:273,0
DA:274,0
DA:276,0
DA:277,0
DA:278,0
DA:279,0
DA:281,0
DA:284,0
DA:285,0
DA:286,0
DA:287,0
DA:288,0
DA:289,0
DA:291,0
DA:293,0
DA:294,0
DA:295,0
DA:296,0
DA:297,0
DA:299,0
DA:303,0
DA:304,0
DA:305,0
DA:306,0
DA:307,0
DA:308,0
DA:309,0
DA:313,0
DA:314,0
DA:315,0
DA:316,0
DA:317,0
DA:318,0
DA:319,0
DA:320,0
DA:321,0
DA:322,0
DA:326,5
DA:327,5
DA:328,5
DA:331,5
DA:332,0
DA:333,0
DA:334,0
DA:335,0
DA:336,0
DA:337,0
DA:338,0
DA:339,0
DA:340,0
DA:341,0
DA:344,5
DA:346,5
DA:349,5
DA:350,5
DA:352,5
DA:356,0
DA:391,20
DA:393,0
DA:413,60
DA:414,60
DA:415,60
DA:416,11460
DA:417,11460
DA:418,11460
DA:420,60
DA:421,60
DA:422,60
DA:426,0
DA:438,180
DA:554,0
DA:555,0
DA:556,0
DA:557,0
DA:558,0
DA:559,0
DA:561,0
DA:563,0
DA:564,0
DA:567,0
DA:571,0
DA:636,0
DA:690,0
DA:691,0
DA:692,0
DA:693,0
DA:694,0
DA:696,0
DA:699,0
DA:712,0
DA:725,0
LF:251
LH:90
BRDA:52,0,0,855
BRDA:52,0,1,180
BRDA:111,1,0,955
BRDA:111,1,1,0
BRDA:112,2,0,955
BRDA:112,2,1,0
BRDA:120,3,0,0
BRDA:120,3,1,0
BRDA:140,4,0,0
BRDA:140,4,1,0
BRDA:148,5,0,0
BRDA:148,5,1,0
BRDA:149,6,0,0
BRDA:149,6,1,0
BRDA:150,7,0,0
BRDA:150,7,1,0
BRDA:166,8,0,0
BRDA:166,8,1,0
BRDA:174,9,0,0
BRDA:174,9,1,0
BRDA:182,10,0,0
BRDA:182,10,1,0
BRDA:186,11,0,0
BRDA:186,11,1,0
BRDA:192,12,0,0
BRDA:192,12,1,0
BRDA:198,13,0,0
BRDA:198,13,1,0
BRDA:209,14,0,5
BRDA:209,14,1,0
BRDA:214,15,0,0
BRDA:214,15,1,0
BRDA:235,16,0,5
BRDA:235,16,1,0
BRDA:235,17,0,5
BRDA:235,17,1,0
BRDA:239,18,0,0
BRDA:239,18,1,0
BRDA:239,19,0,0
BRDA:239,19,1,0
BRDA:249,20,0,0
BRDA:249,20,1,0
BRDA:249,21,0,0
BRDA:249,21,1,0
BRDA:259,22,0,5
BRDA:259,22,1,0
BRDA:269,23,0,0
BRDA:269,23,1,5
BRDA:273,24,0,0
BRDA:273,24,1,0
BRDA:273,25,0,0
BRDA:273,25,1,0
BRDA:276,26,0,0
BRDA:276,26,1,0
BRDA:276,27,0,0
BRDA:276,27,1,0
BRDA:276,27,2,0
BRDA:278,28,0,0
BRDA:278,28,1,0
BRDA:284,29,0,0
BRDA:284,29,1,0
BRDA:285,30,0,0
BRDA:285,30,1,0
BRDA:285,31,0,0
BRDA:285,31,1,0
BRDA:288,32,0,0
BRDA:288,32,1,0
BRDA:293,33,0,0
BRDA:293,33,1,0
BRDA:293,34,0,0
BRDA:293,34,1,0
BRDA:296,35,0,0
BRDA:296,35,1,0
BRDA:303,36,0,0
BRDA:303,36,1,0
BRDA:306,37,0,0
BRDA:306,37,1,0
BRDA:306,38,0,0
BRDA:306,38,1,0
BRDA:308,39,0,0
BRDA:308,39,1,0
BRDA:313,40,0,0
BRDA:313,40,1,0
BRDA:346,41,0,5
BRDA:346,41,1,0
BRDA:347,42,0,0
BRDA:347,42,1,0
BRDA:369,43,0,5
BRDA:369,43,1,5
BRDA:395,44,0,5
BRDA:395,44,1,15
BRDA:396,45,0,0
BRDA:396,45,1,5
BRDA:397,46,0,0
BRDA:397,46,1,5
BRDA:398,47,0,0
BRDA:398,47,1,5
BRDA:417,48,0,11460
BRDA:417,48,1,0
BRDA:418,49,0,11460
BRDA:418,49,1,855
BRDA:420,50,0,0
BRDA:420,50,1,60
BRDA:438,51,0,180
BRDA:438,51,1,0
BRDA:447,52,0,0
BRDA:447,52,1,60
BRDA:448,53,0,0
BRDA:448,53,1,0
BRDA:448,54,0,0
BRDA:448,54,1,0
BRDA:467,55,0,5
BRDA:467,55,1,0
BRDA:467,55,2,0
BRDA:475,56,0,0
BRDA:475,56,1,0
BRDA:488,57,0,0
BRDA:488,57,1,0
BRDA:508,58,0,0
BRDA:508,58,1,0
BRDA:508,59,0,0
BRDA:508,59,1,0
BRDA:526,60,0,0
BRDA:526,60,1,0
BRDA:528,61,0,0
BRDA:528,61,1,0
BRDA:536,62,0,0
BRDA:536,62,1,0
BRDA:537,63,0,0
BRDA:537,63,1,0
BRDA:555,64,0,0
BRDA:555,64,1,0
BRDA:556,65,0,0
BRDA:556,65,1,0
BRDA:558,66,0,0
BRDA:558,66,1,0
BRDA:558,67,0,0
BRDA:558,67,1,0
BRDA:563,68,0,0
BRDA:563,68,1,0
BRDA:571,69,0,0
BRDA:571,69,1,0
BRDA:575,70,0,0
BRDA:575,70,1,0
BRDA:587,71,0,0
BRDA:587,71,1,0
BRDA:587,71,2,0
BRDA:590,72,0,0
BRDA:590,72,1,0
BRDA:590,72,2,0
BRDA:590,72,3,0
BRDA:598,73,0,0
BRDA:598,73,1,0
BRDA:615,74,0,0
BRDA:615,74,1,0
BRDA:622,75,0,0
BRDA:622,75,1,0
BRDA:624,76,0,0
BRDA:624,76,1,0
BRDA:625,77,0,0
BRDA:625,77,1,0
BRDA:627,78,0,0
BRDA:627,78,1,0
BRDA:638,79,0,0
BRDA:638,79,1,0
BRDA:652,80,0,5
BRDA:652,80,1,0
BRDA:657,81,0,0
BRDA:657,81,1,0
BRDA:659,82,0,0
BRDA:659,82,1,0
BRDA:666,83,0,0
BRDA:666,83,1,0
BRDA:666,84,0,0
BRDA:666,84,1,0
BRDA:676,85,0,0
BRDA:676,85,1,0
BRDA:682,86,0,0
BRDA:682,86,1,0
BRDA:692,87,0,0
BRDA:692,87,1,0
BRDA:694,88,0,0
BRDA:694,88,1,0
BRDA:727,89,0,0
BRDA:727,89,1,0
BRDA:729,90,0,0
BRDA:729,90,1,0
BRDA:733,91,0,0
BRDA:733,91,1,0
BRF:189
BRH:25
end_of_record
TN:
SF:src\components\security-trainer\SQLInjectionLab.tsx
FN:16,SQLInjectionLab
FN:18,(anonymous_1)
FN:19,(anonymous_2)
FN:20,(anonymous_3)
FN:21,(anonymous_4)
FN:33,(anonymous_5)
FN:52,(anonymous_6)
FN:56,(anonymous_7)
FN:63,(anonymous_8)
FN:70,(anonymous_9)
FN:77,(anonymous_10)
FN:93,(anonymous_11)
FN:119,(anonymous_12)
FN:122,(anonymous_13)
FN:178,(anonymous_14)
FN:181,(anonymous_15)
FN:264,(anonymous_16)
FNF:17
FNH:7
FNDA:7,SQLInjectionLab
FNDA:7,(anonymous_1)
FNDA:7,(anonymous_2)
FNDA:7,(anonymous_3)
FNDA:7,(anonymous_4)
FNDA:0,(anonymous_5)
FNDA:0,(anonymous_6)
FNDA:0,(anonymous_7)
FNDA:0,(anonymous_8)
FNDA:0,(anonymous_9)
FNDA:7,(anonymous_10)
FNDA:0,(anonymous_11)
FNDA:112,(anonymous_12)
FNDA:0,(anonymous_13)
FNDA:0,(anonymous_14)
FNDA:0,(anonymous_15)
FNDA:0,(anonymous_16)
DA:1,1
DA:17,7
DA:18,7
DA:19,7
DA:20,7
DA:21,7
DA:22,7
DA:23,7
DA:24,7
DA:26,7
DA:27,7
DA:29,7
DA:30,7
DA:31,7
DA:33,7
DA:34,0
DA:35,0
DA:36,0
DA:38,0
DA:39,0
DA:40,0
DA:42,0
DA:43,0
DA:44,0
DA:45,0
DA:46,0
DA:47,0
DA:52,7
DA:53,0
DA:56,7
DA:57,0
DA:58,0
DA:59,0
DA:63,7
DA:64,0
DA:65,0
DA:66,0
DA:70,7
DA:71,0
DA:72,0
DA:73,0
DA:74,0
DA:77,7
DA:78,7
DA:79,0
DA:82,7
DA:88,7
DA:93,0
DA:120,112
DA:122,0
DA:178,0
DA:181,0
DA:264,0
LF:53
LH:24
BRDA:35,0,0,0
BRDA:35,0,1,0
BRDA:40,1,0,0
BRDA:40,1,1,0
BRDA:40,1,2,0
BRDA:43,2,0,0
BRDA:43,2,1,0
BRDA:43,3,0,0
BRDA:43,3,1,0
BRDA:46,4,0,0
BRDA:46,4,1,0
BRDA:57,5,0,0
BRDA:57,5,1,0
BRDA:64,6,0,0
BRDA:64,6,1,0
BRDA:78,7,0,7
BRDA:78,7,1,0
BRDA:104,8,0,7
BRDA:104,8,1,0
BRDA:124,9,0,0
BRDA:124,9,1,112
BRDA:126,10,0,7
BRDA:126,10,1,105
BRDA:156,11,0,7
BRDA:156,11,1,0
BRDA:181,12,0,0
BRDA:181,12,1,0
BRDA:195,13,0,7
BRDA:195,13,1,0
BRDA:222,14,0,7
BRDA:222,14,1,0
BRDA:228,15,0,0
BRDA:228,15,1,0
BRDA:231,16,0,0
BRDA:231,16,1,0
BRDA:247,17,0,0
BRDA:247,17,1,0
BRDA:266,18,0,0
BRDA:266,18,1,0
BRDA:271,19,0,0
BRDA:271,19,1,0
BRDA:302,20,0,0
BRDA:302,20,1,0
BRF:43
BRH:8
end_of_record
TN:
SF:src\components\security-trainer\WeeklyXPChart.tsx
FN:21,WeeklyXPChart
FN:22,(anonymous_1)
FN:23,(anonymous_2)
FN:24,(anonymous_3)
FN:25,(anonymous_4)
FN:26,(anonymous_5)
FN:27,(anonymous_6)
FN:29,(anonymous_7)
FN:112,(anonymous_8)
FN:114,(anonymous_9)
FN:153,(anonymous_10)
FN:164,(anonymous_11)
FN:178,(anonymous_12)
FN:196,(anonymous_13)
FN:204,(anonymous_14)
FNF:15
FNH:15
FNDA:8,WeeklyXPChart
FNDA:8,(anonymous_1)
FNDA:8,(anonymous_2)
FNDA:8,(anonymous_3)
FNDA:8,(anonymous_4)
FNDA:8,(anonymous_5)
FNDA:8,(anonymous_6)
FNDA:8,(anonymous_7)
FNDA:56,(anonymous_8)
FNDA:35,(anonymous_9)
FNDA:35,(anonymous_10)
FNDA:35,(anonymous_11)
FNDA:35,(anonymous_12)
FNDA:35,(anonymous_13)
FNDA:35,(anonymous_14)
DA:1,1
DA:9,1
DA:10,1
DA:22,8
DA:23,8
DA:24,8
DA:25,8
DA:26,8
DA:27,8
DA:29,8
DA:31,8
DA:34,8
DA:35,7
DA:36,7
DA:37,7
DA:38,7
DA:42,8
DA:43,3
DA:44,3
DA:45,3
DA:46,3
DA:47,3
DA:48,3
DA:52,8
DA:53,8
DA:54,24
DA:55,3
DA:57,3
DA:58,3
DA:59,2
DA:60,2
DA:61,2
DA:62,2
DA:68,8
DA:69,8
DA:70,8
DA:72,8
DA:73,56
DA:74,56
DA:75,56
DA:76,56
DA:77,56
DA:78,56
DA:79,56
DA:80,56
DA:81,56
DA:83,56
DA:84,56
DA:95,8
DA:96,8
DA:97,8
DA:98,48
DA:99,48
DA:100,48
DA:101,48
DA:102,48
DA:103,1
DA:107,8
DA:109,8
DA:112,56
DA:114,35
DA:115,5
DA:117,8
DA:154,35
DA:155,35
DA:156,35
DA:165,35
DA:166,35
DA:167,35
DA:179,35
DA:180,35
DA:181,35
DA:197,35
DA:205,35
LF:74
LH:74
BRDA:36,0,0,7
BRDA:36,0,1,5
BRDA:44,1,0,3
BRDA:44,1,1,2
BRDA:45,2,0,3
BRDA:45,2,1,1
BRDA:54,3,0,3
BRDA:54,3,1,21
BRDA:57,4,0,3
BRDA:57,4,1,1
BRDA:57,4,2,1
BRDA:58,5,0,2
BRDA:58,5,1,1
BRDA:60,6,0,2
BRDA:60,6,1,0
BRDA:77,7,0,56
BRDA:77,7,1,52
BRDA:78,8,0,56
BRDA:78,8,1,53
BRDA:79,9,0,56
BRDA:79,9,1,53
BRDA:102,10,0,1
BRDA:102,10,1,47
BRDA:107,11,0,1
BRDA:107,11,1,7
BRDA:112,12,0,3
BRDA:112,12,1,5
BRDA:115,13,0,0
BRDA:115,13,1,5
BRDA:115,14,0,0
BRDA:115,14,1,5
BRDA:134,15,0,8
BRDA:134,15,1,0
BRDA:136,16,0,0
BRDA:136,16,1,0
BRDA:156,17,0,5
BRDA:156,17,1,30
BRDA:167,18,0,5
BRDA:167,18,1,30
BRDA:186,19,0,5
BRDA:186,19,1,30
BRDA:187,20,0,5
BRDA:187,20,1,30
BRDA:211,21,0,5
BRDA:211,21,1,30
BRDA:213,22,0,5
BRDA:213,22,1,30
BRF:47
BRH:41
end_of_record
TN:
SF:src\components\security-trainer\XSSLab.tsx
FN:28,XSSLab
FN:30,(anonymous_1)
FN:31,(anonymous_2)
FN:32,(anonymous_3)
FN:33,(anonymous_4)
FN:44,(anonymous_5)
FN:54,(anonymous_6)
FN:64,(anonymous_7)
FN:74,(anonymous_8)
FN:123,(anonymous_9)
FN:145,(anonymous_10)
FN:148,(anonymous_11)
FN:165,(anonymous_12)
FN:168,(anonymous_13)
FN:199,(anonymous_14)
FN:272,(anonymous_15)
FN:304,(anonymous_16)
FN:307,(anonymous_17)
FN:312,(anonymous_18)
FN:347,(anonymous_19)
FNF:20
FNH:8
FNDA:8,XSSLab
FNDA:8,(anonymous_1)
FNDA:8,(anonymous_2)
FNDA:8,(anonymous_3)
FNDA:8,(anonymous_4)
FNDA:0,(anonymous_5)
FNDA:0,(anonymous_6)
FNDA:0,(anonymous_7)
FNDA:0,(anonymous_8)
FNDA:1,(anonymous_9)
FNDA:72,(anonymous_10)
FNDA:0,(anonymous_11)
FNDA:72,(anonymous_12)
FNDA:0,(anonymous_13)
FNDA:0,(anonymous_14)
FNDA:0,(anonymous_15)
FNDA:0,(anonymous_16)
FNDA:0,(anonymous_17)
FNDA:0,(anonymous_18)
FNDA:0,(anonymous_19)
DA:1,1
DA:29,8
DA:30,8
DA:31,8
DA:32,8
DA:33,8
DA:34,8
DA:35,8
DA:36,8
DA:37,8
DA:38,8
DA:40,8
DA:41,8
DA:42,8
DA:44,8
DA:45,0
DA:46,0
DA:47,0
DA:48,0
DA:49,0
DA:54,8
DA:55,0
DA:56,0
DA:57,0
DA:58,0
DA:59,0
DA:60,0
DA:64,8
DA:65,0
DA:66,0
DA:67,0
DA:68,0
DA:69,0
DA:70,0
DA:74,8
DA:75,0
DA:76,0
DA:77,0
DA:83,0
DA:95,0
DA:110,8
DA:119,8
DA:123,1
DA:146,72
DA:148,0
DA:166,72
DA:168,0
DA:199,0
DA:272,0
DA:304,0
DA:307,0
DA:312,0
DA:347,0
LF:53
LH:23
BRDA:45,0,0,0
BRDA:45,0,1,0
BRDA:48,1,0,0
BRDA:48,1,1,0
BRDA:55,2,0,0
BRDA:55,2,1,0
BRDA:65,3,0,0
BRDA:65,3,1,0
BRDA:75,4,0,0
BRDA:75,4,1,0
BRDA:76,5,0,0
BRDA:76,5,1,0
BRDA:142,6,0,8
BRDA:142,6,1,0
BRDA:150,7,0,0
BRDA:150,7,1,72
BRDA:152,8,0,8
BRDA:152,8,1,64
BRDA:170,9,0,8
BRDA:170,9,1,64
BRDA:176,10,0,72
BRDA:176,10,1,0
BRDA:195,11,0,0
BRDA:195,11,1,8
BRDA:196,12,0,0
BRDA:196,12,1,8
BRDA:201,13,0,0
BRDA:201,13,1,8
BRDA:206,14,0,0
BRDA:206,14,1,8
BRDA:231,15,0,8
BRDA:231,15,1,0
BRDA:274,16,0,0
BRDA:274,16,1,8
BRDA:279,17,0,8
BRDA:279,17,1,0
BRDA:307,18,0,0
BRDA:307,18,1,0
BRDA:315,19,0,0
BRDA:315,19,1,0
BRDA:319,20,0,0
BRDA:319,20,1,0
BRDA:319,20,2,0
BRDA:344,21,0,8
BRDA:344,21,1,0
BRDA:364,22,0,8
BRDA:364,22,1,0
BRDA:369,23,0,0
BRDA:369,23,1,0
BRF:49
BRH:16
end_of_record
TN:
SF:src\hooks\use-api.ts
FN:16,apiRequest
FN:22,(anonymous_1)
FN:60,useApiQuery
FN:67,(anonymous_3)
FN:70,(anonymous_4)
FN:89,useApiMutation
FN:95,(anonymous_6)
FN:134,useApiInvalidate
FN:136,(anonymous_8)
FN:145,createApiQueryKey
FNF:10
FNH:6
FNDA:0,apiRequest
FNDA:0,(anonymous_1)
FNDA:2,useApiQuery
FNDA:0,(anonymous_3)
FNDA:0,(anonymous_4)
FNDA:8,useApiMutation
FNDA:4,(anonymous_6)
FNDA:2,useApiInvalidate
FNDA:1,(anonymous_8)
FNDA:3,createApiQueryKey
DA:1,1
DA:21,0
DA:22,0
DA:23,0
DA:24,0
DA:25,0
DA:34,0
DA:35,0
DA:36,0
DA:37,0
DA:38,0
DA:39,0
DA:43,0
DA:45,0
DA:47,0
DA:64,2
DA:65,2
DA:68,0
DA:69,0
DA:70,0
DA:72,0
DA:94,8
DA:96,4
DA:97,4
DA:98,4
DA:99,4
DA:108,4
DA:109,2
DA:110,2
DA:111,2
DA:112,2
DA:113,1
DA:117,2
DA:119,2
DA:135,2
DA:136,2
DA:146,3
LF:37
LH:19
BRDA:18,0,0,0
BRDA:19,1,0,0
BRDA:31,2,0,0
BRDA:31,2,1,0
BRDA:34,3,0,0
BRDA:34,3,1,0
BRDA:38,4,0,0
BRDA:38,4,1,0
BRDA:39,5,0,0
BRDA:39,5,1,0
BRDA:68,6,0,0
BRDA:68,6,1,0
BRDA:69,7,0,0
BRDA:69,7,1,0
BRDA:91,8,0,8
BRDA:96,9,0,1
BRDA:96,9,1,3
BRDA:108,10,0,2
BRDA:108,10,1,2
BRDA:112,11,0,1
BRDA:112,11,1,1
BRDA:113,12,0,1
BRDA:113,12,1,0
BRF:23
BRH:8
end_of_record
TN:
SF:src\hooks\use-password-strength.ts
FN:15,usePasswordStrength
FN:16,(anonymous_1)
FN:28,(anonymous_2)
FNF:3
FNH:3
FNDA:10,usePasswordStrength
FNDA:10,(anonymous_1)
FNDA:54,(anonymous_2)
DA:16,10
DA:17,10
DA:19,9
DA:28,54
DA:29,9
DA:30,10
DA:31,10
DA:33,10
LF:8
LH:8
BRDA:17,0,0,1
BRDA:17,0,1,9
BRDA:29,1,0,3
BRDA:29,1,1,6
BRDA:29,2,0,1
BRDA:29,2,1,5
BRDA:29,3,0,1
BRDA:29,3,1,4
BRDA:29,4,0,1
BRDA:29,4,1,3
BRDA:29,5,0,1
BRDA:29,5,1,2
BRDA:30,6,0,3
BRDA:30,6,1,6
BRDA:30,7,0,1
BRDA:30,7,1,5
BRDA:30,8,0,1
BRDA:30,8,1,4
BRDA:30,9,0,1
BRDA:30,9,1,3
BRDA:30,10,0,1
BRDA:30,10,1,2
BRDA:31,11,0,3
BRDA:31,11,1,6
BRDA:31,12,0,1
BRDA:31,12,1,5
BRDA:31,13,0,1
BRDA:31,13,1,4
BRDA:31,14,0,1
BRDA:31,14,1,3
BRDA:31,15,0,1
BRDA:31,15,1,2
BRF:32
BRH:32
end_of_record
TN:
SF:src\hooks\use-standalone-translation.ts
FN:11,lookup
FN:20,useStandaloneTranslation
FN:21,(anonymous_2)
FN:22,(anonymous_3)
FNF:4
FNH:4
FNDA:82,lookup
FNDA:21,useStandaloneTranslation
FNDA:9,(anonymous_2)
FNDA:41,(anonymous_3)
DA:1,1
DA:9,1
DA:12,82
DA:13,82
DA:14,164
DA:15,164
DA:17,82
DA:21,21
DA:22,21
DA:24,41
DA:28,41
DA:32,41
DA:36,21
LF:13
LH:13
BRDA:14,0,0,0
BRDA:14,0,1,164
BRDA:14,1,0,164
BRDA:14,1,1,164
BRDA:17,2,0,82
BRDA:17,2,1,0
BRDA:26,3,0,0
BRDA:26,3,1,41
BRDA:30,4,0,0
BRDA:30,4,1,41
BRDA:32,5,0,41
BRDA:32,5,1,0
BRDA:32,5,2,0
BRF:13
BRH:7
end_of_record
TN:
SF:src\lib\achievement-utils.ts
FN:7,getAchievementStatus
FN:21,(anonymous_1)
FN:28,(anonymous_2)
FN:44,countUnlockedAchievements
FN:49,(anonymous_4)
FNF:5
FNH:5
FNDA:163,getAchievementStatus
FNDA:8,(anonymous_1)
FNDA:9,(anonymous_2)
FNDA:6,countUnlockedAchievements
FNDA:138,(anonymous_4)
DA:13,163
DA:14,10
DA:15,10
DA:16,7
DA:17,6
DA:18,6
DA:19,6
DA:20,9
DA:21,9
DA:22,6
DA:23,0
DA:24,9
DA:25,1
DA:26,0
DA:28,9
DA:29,3
DA:32,2
DA:33,2
DA:35,0
DA:37,1
DA:39,78
DA:49,6
DA:50,138
LF:23
LH:20
BRDA:13,0,0,10
BRDA:13,0,1,10
BRDA:13,0,2,7
BRDA:13,0,3,6
BRDA:13,0,4,6
BRDA:13,0,5,6
BRDA:13,0,6,9
BRDA:13,0,7,9
BRDA:13,0,8,6
BRDA:13,0,9,0
BRDA:13,0,10,9
BRDA:13,0,11,1
BRDA:13,0,12,0
BRDA:13,0,13,3
BRDA:13,0,14,2
BRDA:13,0,15,0
BRDA:13,0,16,1
BRDA:13,0,17,78
BRDA:25,1,0,1
BRDA:25,1,1,0
BRDA:26,2,0,0
BRDA:26,2,1,0
BRDA:35,3,0,0
BRDA:35,3,1,0
BRDA:35,4,0,0
BRDA:35,4,1,0
BRDA:35,5,0,0
BRDA:35,5,1,0
BRDA:37,6,0,1
BRDA:37,6,1,0
BRF:30
BRH:17
end_of_record
TN:
SF:src\lib\api-client.ts
FN:5,apiFetch
FN:11,(anonymous_1)
FNF:2
FNH:1
FNDA:3,apiFetch
FNDA:0,(anonymous_1)
DA:3,1
DA:10,3
DA:11,3
DA:12,3
DA:13,3
DA:23,3
LF:6
LH:6
BRDA:7,0,0,3
BRDA:8,1,0,3
BRF:2
BRH:2
end_of_record
TN:
SF:src\lib\api-error-handler.ts
FN:8,withErrorHandler
FN:11,(anonymous_1)
FNF:2
FNH:2
FNDA:10,withErrorHandler
FNDA:9,(anonymous_1)
DA:11,10
DA:12,9
DA:13,9
DA:15,6
DA:16,6
LF:5
LH:5
BRDA:15,0,0,4
BRDA:15,0,1,2
BRF:2
BRH:2
end_of_record
TN:
SF:src\lib\api-middleware.ts
FN:17,getTokenFromRequest
FN:26,authenticate
FN:46,requireRole
FN:50,(anonymous_3)
FN:57,requirePermission
FN:65,requireCapability
FN:73,requireCapabilities
FN:81,requireAnyCapability
FN:95,withCapability
FN:108,withAnyCapability
FN:121,withAllCapabilities
FN:132,unauthorized
FN:137,forbidden
FN:143,getClientIp
FN:163,checkRateLimit
FNF:15
FNH:11
FNDA:4,getTokenFromRequest
FNDA:0,authenticate
FNDA:7,requireRole
FNDA:6,(anonymous_3)
FNDA:2,requirePermission
FNDA:2,requireCapability
FNDA:2,requireCapabilities
FNDA:2,requireAnyCapability
FNDA:0,withCapability
FNDA:0,withAnyCapability
FNDA:0,withAllCapabilities
FNDA:2,unauthorized
FNDA:2,forbidden
FNDA:4,getClientIp
FNDA:16,checkRateLimit
DA:18,4
DA:19,4
DA:20,1
DA:22,3
DA:27,0
DA:28,0
DA:29,0
DA:30,0
DA:33,0
DA:35,0
DA:40,0
DA:41,0
DA:43,0
DA:47,7
DA:48,7
DA:49,7
DA:50,6
DA:51,6
DA:52,6
DA:53,5
DA:58,2
DA:66,2
DA:67,1
DA:74,2
DA:75,1
DA:82,2
DA:83,1
DA:99,0
DA:100,0
DA:101,0
DA:102,0
DA:112,0
DA:113,0
DA:114,0
DA:115,0
DA:125,0
DA:126,0
DA:127,0
DA:128,0
DA:133,2
DA:138,2
DA:146,4
DA:147,4
DA:148,2
DA:149,2
DA:153,2
DA:154,2
DA:156,1
DA:160,2
DA:161,2
DA:164,16
DA:165,16
DA:167,16
DA:169,6
DA:170,0
DA:171,0
DA:175,6
DA:176,0
DA:177,0
DA:179,6
DA:180,6
DA:183,10
DA:184,10
DA:185,3
DA:188,7
LF:65
LH:40
BRDA:19,0,0,1
BRDA:19,0,1,3
BRDA:22,1,0,3
BRDA:22,1,1,2
BRDA:29,2,0,0
BRDA:29,2,1,0
BRDA:30,3,0,0
BRDA:30,3,1,0
BRDA:33,4,0,0
BRDA:33,4,1,0
BRDA:33,5,0,0
BRDA:33,5,1,0
BRDA:40,6,0,0
BRDA:40,6,1,0
BRDA:40,7,0,0
BRDA:40,7,1,0
BRDA:41,8,0,0
BRDA:41,8,1,0
BRDA:41,9,0,0
BRDA:41,9,1,0
BRDA:49,10,0,1
BRDA:49,10,1,6
BRDA:52,11,0,1
BRDA:52,11,1,5
BRDA:66,12,0,1
BRDA:66,12,1,1
BRDA:74,13,0,1
BRDA:74,13,1,1
BRDA:82,14,0,1
BRDA:82,14,1,1
BRDA:100,15,0,0
BRDA:100,15,1,0
BRDA:101,16,0,0
BRDA:101,16,1,0
BRDA:113,17,0,0
BRDA:113,17,1,0
BRDA:114,18,0,0
BRDA:114,18,1,0
BRDA:126,19,0,0
BRDA:126,19,1,0
BRDA:127,20,0,0
BRDA:127,20,1,0
BRDA:132,21,0,2
BRDA:137,22,0,2
BRDA:147,23,0,2
BRDA:147,23,1,2
BRDA:149,24,0,2
BRDA:149,24,1,0
BRDA:154,25,0,1
BRDA:154,25,1,1
BRDA:167,26,0,6
BRDA:167,26,1,10
BRDA:167,27,0,16
BRDA:167,27,1,10
BRDA:169,28,0,0
BRDA:169,28,1,6
BRDA:171,29,0,0
BRDA:171,29,1,0
BRDA:175,30,0,0
BRDA:175,30,1,6
BRDA:177,31,0,0
BRDA:177,31,1,0
BRDA:184,32,0,3
BRDA:184,32,1,7
BRF:64
BRH:29
end_of_record
TN:
SF:src\lib\auth-server.ts
FN:19,generateToken
FN:29,generateTwoFactorToken
FN:37,signJwt
FN:41,verifyToken
FN:59,getTokenPayload
FN:64,authenticate
FNF:6
FNH:5
FNDA:4,generateToken
FNDA:0,generateTwoFactorToken
FNDA:1,signJwt
FNDA:8,verifyToken
FNDA:5,getTokenPayload
FNDA:3,authenticate
DA:14,3
DA:17,3
DA:20,4
DA:21,4
DA:22,4
DA:30,0
DA:38,1
DA:42,8
DA:43,8
DA:44,4
DA:45,3
DA:54,4
DA:55,4
DA:60,5
DA:61,3
DA:65,3
DA:66,3
DA:67,1
LF:18
LH:17
BRDA:14,0,0,3
BRDA:14,0,1,0
BRDA:20,1,0,4
BRDA:20,1,1,1
BRDA:21,2,0,1
BRDA:21,2,1,3
BRDA:44,3,0,1
BRDA:44,3,1,3
BRDA:44,4,0,4
BRDA:44,4,1,4
BRDA:44,4,2,3
BRDA:54,5,0,0
BRDA:54,5,1,4
BRDA:60,6,0,2
BRDA:60,6,1,3
BRDA:66,7,0,2
BRDA:66,7,1,1
BRF:17
BRH:15
end_of_record
TN:
SF:src\lib\auth-types.ts
FN:41,hasRole
FN:52,hasPermission
FN:62,getRoleLabel
FN:76,getRoleDescription
FNF:4
FNH:4
FNDA:11,hasRole
FNDA:26,hasPermission
FNDA:4,getRoleLabel
FNDA:6,getRoleDescription
DA:10,3
DA:19,3
DA:42,11
DA:43,9
DA:53,26
DA:54,24
DA:63,4
DA:68,4
DA:77,6
DA:82,6
LF:10
LH:10
BRDA:42,0,0,2
BRDA:42,0,1,9
BRDA:53,1,0,2
BRDA:53,1,1,24
BRDA:68,2,0,4
BRDA:68,2,1,1
BRDA:82,3,0,6
BRDA:82,3,1,1
BRF:8
BRH:8
end_of_record
TN:
SF:src\lib\auth-utils.ts
FN:3,generateUserId
FN:7,hashPassword
FN:11,verifyPassword
FN:15,generateOTP
FN:23,validateEmail
FN:27,validatePhone
FN:32,validatePassword
FNF:7
FNH:7
FNDA:100,generateUserId
FNDA:3,hashPassword
FNDA:2,verifyPassword
FNDA:3,generateOTP
FNDA:8,validateEmail
FNDA:7,validatePhone
FNDA:23,validatePassword
DA:4,100
DA:8,3
DA:12,2
DA:16,3
DA:17,3
DA:19,3
DA:20,3
DA:24,8
DA:28,7
DA:29,7
DA:33,23
DA:34,23
DA:35,23
DA:36,23
DA:37,23
DA:38,23
DA:39,23
LF:17
LH:17
BRDA:34,0,0,4
BRDA:34,0,1,19
BRDA:35,1,0,4
BRDA:35,1,1,19
BRDA:36,2,0,6
BRDA:36,2,1,17
BRDA:37,3,0,3
BRDA:37,3,1,20
BRDA:38,4,0,4
BRDA:38,4,1,19
BRF:10
BRH:10
end_of_record
TN:
SF:src\lib\capabilities.ts
FN:209,expandCapability
FN:212,(anonymous_1)
FN:223,getRoleCapSet
FN:228,(anonymous_3)
FN:235,hasCapability
FN:241,(anonymous_5)
FN:247,hasCapabilities
FN:250,(anonymous_7)
FN:254,hasAnyCapability
FN:257,(anonymous_9)
FN:287,getScopeForCap
FN:310,describeCapability
FN:314,listCapabilities
FN:318,getAllCapabilities
FN:319,(anonymous_14)
FNF:15
FNH:15
FNDA:262,expandCapability
FNDA:12,(anonymous_1)
FNDA:268,getRoleCapSet
FNDA:120,(anonymous_3)
FNDA:264,hasCapability
FNDA:8,(anonymous_5)
FNDA:4,hasCapabilities
FNDA:6,(anonymous_7)
FNDA:4,hasAnyCapability
FNDA:6,(anonymous_9)
FNDA:8,getScopeForCap
FNDA:3,describeCapability
FNDA:12,listCapabilities
FNDA:3,getAllCapabilities
FNDA:150,(anonymous_14)
DA:7,3
DA:98,3
DA:205,3
DA:210,262
DA:211,262
DA:212,12
DA:221,3
DA:224,268
DA:225,268
DA:227,4
DA:228,268
DA:229,268
DA:230,268
DA:231,268
DA:236,264
DA:237,262
DA:238,262
DA:239,130
DA:240,130
DA:241,8
DA:243,127
DA:248,4
DA:249,3
DA:250,6
DA:255,4
DA:256,3
DA:257,6
DA:275,3
DA:288,8
DA:291,5
DA:294,1
DA:295,1
DA:296,0
DA:300,1
DA:301,1
DA:302,0
DA:305,1
DA:311,3
DA:315,12
DA:319,150
LF:40
LH:38
BRDA:211,0,0,259
BRDA:211,0,1,3
BRDA:225,1,0,264
BRDA:225,1,1,4
BRDA:227,2,0,4
BRDA:227,2,1,0
BRDA:236,3,0,2
BRDA:236,3,1,262
BRDA:238,4,0,132
BRDA:238,4,1,130
BRDA:240,5,0,3
BRDA:240,5,1,127
BRDA:240,6,0,130
BRDA:240,6,1,127
BRDA:248,7,0,1
BRDA:248,7,1,3
BRDA:255,8,0,1
BRDA:255,8,1,3
BRDA:288,9,0,3
BRDA:288,9,1,5
BRDA:291,10,0,4
BRDA:291,10,1,1
BRDA:295,11,0,0
BRDA:295,11,1,1
BRDA:295,12,0,1
BRDA:295,12,1,0
BRDA:301,13,0,0
BRDA:301,13,1,1
BRDA:301,14,0,1
BRDA:301,14,1,0
BRDA:311,15,0,3
BRDA:311,15,1,1
BRDA:315,16,0,12
BRDA:315,16,1,0
BRF:34
BRH:28
end_of_record
TN:
SF:src\lib\constants.ts
FNF:0
FNH:0
DA:2,1
DA:3,1
DA:4,1
DA:5,1
DA:6,1
DA:9,1
DA:12,1
DA:15,1
DA:16,1
LF:9
LH:9
BRF:0
BRH:0
end_of_record
TN:
SF:src\lib\ctf-labs-utils.ts
FN:20,getCtfLabsWithStats
FN:34,(anonymous_1)
FN:48,(anonymous_2)
FN:49,(anonymous_3)
FN:51,(anonymous_4)
FN:64,getLabWithCompletion
FN:83,getStudentCtfStats
FNF:7
FNH:7
FNDA:5,getCtfLabsWithStats
FNDA:8,(anonymous_1)
FNDA:7,(anonymous_2)
FNDA:7,(anonymous_3)
FNDA:8,(anonymous_4)
FNDA:4,getLabWithCompletion
FNDA:6,getStudentCtfStats
DA:21,5
DA:22,5
DA:23,1
DA:26,5
DA:32,5
DA:34,8
DA:35,5
DA:48,7
DA:49,7
DA:51,5
DA:52,8
DA:53,8
DA:54,8
DA:61,5
DA:65,4
DA:70,4
DA:72,3
DA:76,3
DA:84,6
DA:95,6
LF:20
LH:20
BRDA:22,0,0,1
BRDA:22,0,1,4
BRDA:32,1,0,0
BRDA:32,1,1,5
BRDA:52,2,0,8
BRDA:52,2,1,1
BRDA:53,3,0,8
BRDA:53,3,1,1
BRDA:57,4,0,7
BRDA:57,4,1,1
BRDA:70,5,0,1
BRDA:70,5,1,3
BRDA:98,6,0,6
BRDA:98,6,1,2
BRDA:99,7,0,5
BRDA:99,7,1,1
BRF:16
BRH:15
end_of_record
TN:
SF:src\lib\db.ts
FNF:0
FNH:0
DA:3,2
DA:5,2
DA:6,2
LF:3
LH:3
BRDA:5,0,0,2
BRDA:5,0,1,2
BRF:2
BRH:2
end_of_record
TN:
SF:src\lib\email.ts
FN:3,escapeHtml
FN:12,getTransporter
FN:24,formatDate
FN:34,renderDeadlineEmail
FN:89,sendOTPRecoveryEmail
FN:153,sendDeadlineReminderEmail
FNF:6
FNH:6
FNDA:17,escapeHtml
FNDA:11,getTransporter
FNDA:11,formatDate
FNDA:6,renderDeadlineEmail
FNDA:6,sendOTPRecoveryEmail
FNDA:7,sendDeadlineReminderEmail
DA:4,17
DA:13,11
DA:25,11
DA:40,6
DA:44,6
DA:94,6
DA:95,1
DA:98,5
DA:99,5
DA:138,5
DA:139,5
DA:140,5
DA:146,4
DA:148,1
DA:149,1
DA:160,7
DA:161,1
DA:164,6
DA:168,7
DA:169,7
DA:170,7
DA:176,5
DA:178,1
DA:179,1
LF:24
LH:24
BRDA:15,0,0,11
BRDA:15,0,1,0
BRDA:40,1,0,1
BRDA:40,1,1,5
BRDA:52,2,0,1
BRDA:52,2,1,5
BRDA:69,3,0,1
BRDA:69,3,1,5
BRDA:78,4,0,6
BRDA:78,4,1,0
BRDA:94,5,0,1
BRDA:94,5,1,5
BRDA:94,6,0,6
BRDA:94,6,1,5
BRDA:94,6,2,5
BRDA:141,7,0,5
BRDA:141,7,1,0
BRDA:148,8,0,0
BRDA:148,8,1,1
BRDA:160,9,0,1
BRDA:160,9,1,6
BRDA:160,10,0,7
BRDA:160,10,1,6
BRDA:160,10,2,6
BRDA:164,11,0,1
BRDA:164,11,1,5
BRDA:171,12,0,7
BRDA:171,12,1,0
BRDA:178,13,0,0
BRDA:178,13,1,1
BRF:30
BRH:24
end_of_record
TN:
SF:src\lib\env.ts
FN:13,validateEnv
FNF:1
FNH:1
FNDA:14,validateEnv
DA:14,14
DA:15,14
DA:16,1
DA:19,13
DA:20,14
DA:21,14
DA:23,1
DA:24,1
DA:27,12
DA:28,14
DA:29,1
DA:30,1
DA:34,12
DA:35,12
DA:36,4
DA:37,1
DA:40,3
DA:41,3
DA:42,3
DA:45,0
DA:47,3
DA:50,11
DA:53,4
LF:23
LH:22
BRDA:14,0,0,14
BRDA:14,0,1,0
BRDA:15,1,0,1
BRDA:15,1,1,13
BRDA:19,2,0,13
BRDA:19,2,1,2
BRDA:23,3,0,0
BRDA:23,3,1,1
BRDA:27,4,0,12
BRDA:27,4,1,1
BRDA:28,5,0,1
BRDA:28,5,1,13
BRDA:28,6,0,14
BRDA:28,6,1,1
BRDA:29,7,0,1
BRDA:29,7,1,0
BRDA:35,8,0,4
BRDA:35,8,1,8
BRDA:36,9,0,1
BRDA:36,9,1,3
BRDA:41,10,0,3
BRDA:41,10,1,0
BRDA:41,11,0,3
BRDA:41,11,1,3
BRF:24
BRH:20
end_of_record
TN:
SF:src\lib\export-utils.ts
FN:2,buildCSV
FN:5,(anonymous_1)
FN:12,(anonymous_2)
FN:16,(anonymous_3)
FN:24,downloadCSV
FN:35,downloadPDF
FN:45,generateStudentReportPDF
FN:83,(anonymous_7)
FN:96,(anonymous_8)
FN:108,(anonymous_9)
FN:132,generateGradebookPDF
FN:150,(anonymous_11)
FN:173,generateAtRiskPDF
FN:191,(anonymous_13)
FN:200,(anonymous_14)
FN:221,generateAnalyticsPDF
FN:256,(anonymous_16)
FN:270,(anonymous_17)
FN:289,generateModulePerformancePDF
FN:306,(anonymous_19)
FN:329,generateGroupComparisonPDF
FN:348,(anonymous_21)
FN:372,generateQuizRetryPDF
FN:381,(anonymous_23)
FN:393,(anonymous_24)
FN:410,(anonymous_25)
FN:433,generateGradebookCSV
FN:438,(anonymous_27)
FN:446,generateStudentReportCSV
FN:457,(anonymous_29)
FN:462,(anonymous_30)
FN:468,generateModulePerformanceCSV
FN:472,(anonymous_32)
FN:480,generateAtRiskCSV
FN:484,(anonymous_34)
FN:493,generateGroupComparisonCSV
FN:498,(anonymous_36)
FN:507,generateAnalyticsCSV
FN:533,(anonymous_38)
FNF:39
FNH:18
FNDA:48,buildCSV
FNDA:470,(anonymous_1)
FNDA:470,(anonymous_2)
FNDA:89,(anonymous_3)
FNDA:2,downloadCSV
FNDA:0,downloadPDF
FNDA:0,generateStudentReportPDF
FNDA:0,(anonymous_7)
FNDA:0,(anonymous_8)
FNDA:0,(anonymous_9)
FNDA:0,generateGradebookPDF
FNDA:0,(anonymous_11)
FNDA:0,generateAtRiskPDF
FNDA:0,(anonymous_13)
FNDA:0,(anonymous_14)
FNDA:0,generateAnalyticsPDF
FNDA:0,(anonymous_16)
FNDA:0,(anonymous_17)
FNDA:0,generateModulePerformancePDF
FNDA:0,(anonymous_19)
FNDA:0,generateGroupComparisonPDF
FNDA:0,(anonymous_21)
FNDA:0,generateQuizRetryPDF
FNDA:0,(anonymous_23)
FNDA:0,(anonymous_24)
FNDA:0,(anonymous_25)
FNDA:3,generateGradebookCSV
FNDA:4,(anonymous_27)
FNDA:4,generateStudentReportCSV
FNDA:8,(anonymous_29)
FNDA:8,(anonymous_30)
FNDA:3,generateModulePerformanceCSV
FNDA:4,(anonymous_32)
FNDA:3,generateAtRiskCSV
FNDA:6,(anonymous_34)
FNDA:2,generateGroupComparisonCSV
FNDA:4,(anonymous_36)
FNDA:3,generateAnalyticsCSV
FNDA:6,(anonymous_38)
DA:5,48
DA:6,470
DA:7,470
DA:8,9
DA:10,461
DA:12,48
DA:13,470
DA:14,470
DA:16,89
DA:25,2
DA:26,2
DA:27,2
DA:28,2
DA:29,2
DA:30,2
DA:31,2
DA:36,0
DA:37,0
DA:38,0
DA:39,0
DA:40,0
DA:41,0
DA:52,0
DA:53,0
DA:56,0
DA:57,0
DA:60,0
DA:61,0
DA:62,0
DA:63,0
DA:64,0
DA:65,0
DA:68,0
DA:69,0
DA:70,0
DA:71,0
DA:72,0
DA:73,0
DA:74,0
DA:77,0
DA:78,0
DA:79,0
DA:80,0
DA:83,0
DA:90,0
DA:91,0
DA:92,0
DA:93,0
DA:96,0
DA:103,0
DA:104,0
DA:105,0
DA:106,0
DA:107,0
DA:108,0
DA:109,0
DA:110,0
DA:111,0
DA:112,0
DA:113,0
DA:114,0
DA:119,0
DA:120,0
DA:121,0
DA:122,0
DA:123,0
DA:124,0
DA:127,0
DA:128,0
DA:137,0
DA:138,0
DA:139,0
DA:141,0
DA:142,0
DA:143,0
DA:144,0
DA:145,0
DA:147,0
DA:150,0
DA:160,0
DA:161,0
DA:162,0
DA:163,0
DA:164,0
DA:165,0
DA:168,0
DA:169,0
DA:177,0
DA:178,0
DA:179,0
DA:181,0
DA:182,0
DA:183,0
DA:184,0
DA:185,0
DA:186,0
DA:188,0
DA:191,0
DA:201,0
DA:202,0
DA:203,0
DA:208,0
DA:209,0
DA:210,0
DA:211,0
DA:212,0
DA:213,0
DA:216,0
DA:217,0
DA:227,0
DA:228,0
DA:229,0
DA:230,0
DA:233,0
DA:234,0
DA:235,0
DA:236,0
DA:237,0
DA:240,0
DA:241,0
DA:242,0
DA:243,0
DA:244,0
DA:245,0
DA:255,0
DA:256,0
DA:257,0
DA:258,0
DA:259,0
DA:260,0
DA:261,0
DA:265,0
DA:266,0
DA:267,0
DA:270,0
DA:276,0
DA:277,0
DA:278,0
DA:279,0
DA:280,0
DA:281,0
DA:284,0
DA:285,0
DA:293,0
DA:294,0
DA:295,0
DA:297,0
DA:298,0
DA:299,0
DA:300,0
DA:301,0
DA:303,0
DA:306,0
DA:316,0
DA:317,0
DA:318,0
DA:319,0
DA:320,0
DA:321,0
DA:324,0
DA:325,0
DA:334,0
DA:335,0
DA:336,0
DA:338,0
DA:339,0
DA:340,0
DA:341,0
DA:342,0
DA:343,0
DA:345,0
DA:348,0
DA:359,0
DA:360,0
DA:361,0
DA:362,0
DA:363,0
DA:364,0
DA:367,0
DA:368,0
DA:377,0
DA:378,0
DA:379,0
DA:381,0
DA:382,0
DA:384,0
DA:385,0
DA:386,0
DA:387,0
DA:388,0
DA:390,0
DA:393,0
DA:402,0
DA:403,0
DA:404,0
DA:405,0
DA:406,0
DA:407,0
DA:410,0
DA:420,0
DA:421,0
DA:422,0
DA:423,0
DA:424,0
DA:425,0
DA:428,0
DA:429,0
DA:437,3
DA:438,4
DA:442,3
DA:451,4
DA:452,4
DA:453,4
DA:454,4
DA:455,4
DA:456,4
DA:457,8
DA:459,4
DA:460,4
DA:461,4
DA:462,8
DA:464,4
DA:471,3
DA:472,4
DA:476,3
DA:483,3
DA:484,6
DA:489,3
DA:497,2
DA:498,4
DA:503,2
DA:511,3
DA:512,3
DA:513,3
DA:514,3
DA:515,3
DA:516,3
DA:529,3
DA:530,3
DA:531,3
DA:533,6
DA:535,3
LF:242
LH:51
BRDA:6,0,0,470
BRDA:6,0,1,4
BRDA:7,1,0,9
BRDA:7,1,1,461
BRDA:83,2,0,0
BRDA:83,2,1,0
BRDA:83,3,0,0
BRDA:83,3,1,0
BRDA:90,4,0,0
BRDA:90,4,1,0
BRDA:103,5,0,0
BRDA:103,5,1,0
BRDA:103,6,0,0
BRDA:103,6,1,0
BRDA:104,7,0,0
BRDA:104,7,1,0
BRDA:134,8,0,0
BRDA:135,9,0,0
BRDA:175,10,0,0
BRDA:201,11,0,0
BRDA:201,11,1,0
BRDA:201,12,0,0
BRDA:201,12,1,0
BRDA:225,13,0,0
BRDA:227,14,0,0
BRDA:227,14,1,0
BRDA:227,14,2,0
BRDA:291,15,0,0
BRDA:331,16,0,0
BRDA:332,17,0,0
BRDA:374,18,0,0
BRDA:375,19,0,0
BRDA:402,20,0,0
BRDA:402,20,1,0
BRDA:403,21,0,0
BRDA:403,21,1,0
BRDA:457,22,0,4
BRDA:457,22,1,4
BRDA:457,23,0,8
BRDA:457,23,1,4
BRDA:497,24,0,2
BRDA:497,24,1,0
BRDA:497,25,0,0
BRDA:497,25,1,0
BRF:44
BRH:9
end_of_record
TN:
SF:src\lib\locale-utils.ts
FN:1,getCookie
FN:7,resolveLocale
FNF:2
FNH:2
FNDA:9,getCookie
FNDA:9,resolveLocale
DA:2,9
DA:3,9
DA:4,9
DA:8,9
DA:9,9
DA:10,9
DA:11,9
DA:12,9
DA:14,0
LF:9
LH:8
BRDA:2,0,0,0
BRDA:2,0,1,9
BRDA:4,1,0,0
BRDA:4,1,1,9
BRDA:9,2,0,0
BRDA:9,2,1,9
BRDA:9,3,0,9
BRDA:9,3,1,0
BRDA:10,4,0,9
BRDA:10,4,1,0
BRDA:12,5,0,9
BRDA:12,5,1,0
BRF:12
BRH:6
end_of_record
TN:
SF:src\lib\logger.ts
FN:15,formatLog
FN:24,sanitize
FN:28,(anonymous_2)
FN:37,log
FN:56,(anonymous_4)
FN:57,(anonymous_5)
FN:58,(anonymous_6)
FNF:7
FNH:7
FNDA:18,formatLog
FNDA:10,sanitize
FNDA:94,(anonymous_2)
FNDA:18,log
FNDA:9,(anonymous_4)
FNDA:4,(anonymous_5)
FNDA:5,(anonymous_6)
DA:16,18
DA:25,10
DA:26,10
DA:27,10
DA:28,94
DA:29,8
DA:31,12
DA:34,10
DA:39,18
DA:40,18
DA:42,11
DA:45,7
DA:46,7
DA:47,3
DA:49,4
DA:55,1
DA:56,9
DA:57,4
DA:58,5
LF:19
LH:19
BRDA:20,0,0,10
BRDA:20,0,1,8
BRDA:28,1,0,8
BRDA:28,1,1,12
BRDA:40,2,0,11
BRDA:40,2,1,7
BRDA:42,3,0,3
BRDA:42,3,1,8
BRDA:42,4,0,2
BRDA:42,4,1,6
BRDA:46,5,0,3
BRDA:46,5,1,4
BRDA:47,6,0,1
BRDA:47,6,1,2
BRDA:47,7,0,1
BRDA:47,7,1,1
BRDA:49,8,0,1
BRDA:49,8,1,3
BRDA:49,9,0,1
BRDA:49,9,1,2
BRF:20
BRH:20
end_of_record
TN:
SF:src\lib\lti-utils.ts
FN:49,generateToolKeyPair
FN:63,fetchPlatformJwks
FN:82,verifyLtiLaunch
FN:138,signAgsToken
FN:162,syncGradesToPlatform
FN:262,fetchNrpsMembers
FN:283,(anonymous_6)
FNF:7
FNH:7
FNDA:1,generateToolKeyPair
FNDA:12,fetchPlatformJwks
FNDA:7,verifyLtiLaunch
FNDA:10,signAgsToken
FNDA:7,syncGradesToPlatform
FNDA:5,fetchNrpsMembers
FNDA:2,(anonymous_6)
DA:43,19
DA:44,19
DA:50,1
DA:51,1
DA:52,1
DA:54,1
DA:64,12
DA:65,12
DA:66,1
DA:69,11
DA:70,10
DA:71,1
DA:74,9
DA:75,9
DA:76,9
DA:89,7
DA:92,7
DA:94,7
DA:95,8
DA:96,8
DA:97,6
DA:98,6
DA:100,2
DA:105,7
DA:106,1
DA:109,6
DA:112,6
DA:113,1
DA:116,5
DA:117,1
DA:121,4
DA:122,4
DA:123,1
DA:127,3
DA:128,3
DA:129,1
DA:132,2
DA:143,10
DA:145,10
DA:147,10
DA:170,7
DA:171,7
DA:175,6
DA:176,1
DA:179,5
DA:180,1
DA:183,4
DA:185,4
DA:186,4
DA:187,1
DA:190,3
DA:193,3
DA:207,3
DA:208,1
DA:209,1
DA:212,2
DA:213,2
DA:216,2
DA:217,2
DA:233,2
DA:234,1
DA:235,1
DA:239,1
DA:252,1
DA:254,1
DA:255,1
DA:268,5
DA:269,5
DA:271,5
DA:278,4
DA:279,1
DA:282,3
DA:283,3
DA:290,2
DA:291,2
LF:75
LH:75
BRDA:65,0,0,1
BRDA:65,0,1,11
BRDA:65,1,0,12
BRDA:65,1,1,1
BRDA:70,2,0,1
BRDA:70,2,1,9
BRDA:100,3,0,0
BRDA:100,3,1,2
BRDA:105,4,0,1
BRDA:105,4,1,6
BRDA:105,5,0,7
BRDA:105,5,1,6
BRDA:112,6,0,1
BRDA:112,6,1,5
BRDA:116,7,0,1
BRDA:116,7,1,4
BRDA:122,8,0,1
BRDA:122,8,1,3
BRDA:128,9,0,1
BRDA:128,9,1,2
BRDA:128,10,0,3
BRDA:128,10,1,1
BRDA:175,11,0,1
BRDA:175,11,1,5
BRDA:179,12,0,1
BRDA:179,12,1,4
BRDA:186,13,0,1
BRDA:186,13,1,3
BRDA:207,14,0,1
BRDA:207,14,1,2
BRDA:233,15,0,1
BRDA:233,15,1,1
BRDA:254,16,0,1
BRDA:254,16,1,0
BRDA:278,17,0,1
BRDA:278,17,1,3
BRDA:283,18,0,3
BRDA:283,18,1,1
BRDA:284,19,0,2
BRDA:284,19,1,0
BRDA:285,20,0,2
BRDA:285,20,1,0
BRDA:286,21,0,2
BRDA:286,21,1,0
BRDA:287,22,0,2
BRDA:287,22,1,0
BRDA:290,23,0,2
BRDA:290,23,1,0
BRF:48
BRH:41
end_of_record
TN:
SF:src\lib\module-names.ts
FN:17,getModuleName
FNF:1
FNH:1
FNDA:35,getModuleName
DA:2,1
DA:18,35
LF:2
LH:2
BRDA:18,0,0,35
BRDA:18,0,1,8
BRF:2
BRH:2
end_of_record
TN:
SF:src\lib\notes-utils.ts
FN:33,createNote
FN:50,getNoteById
FN:61,getUserNotes
FN:73,getModuleNotes
FN:88,getItemNotes
FN:103,updateNote
FN:121,deleteNote
FN:135,searchNotes
FN:163,getNotesStats
FNF:9
FNH:9
FNDA:2,createNote
FNDA:2,getNoteById
FNDA:6,getUserNotes
FNDA:1,getModuleNotes
FNDA:1,getItemNotes
FNDA:2,updateNote
FNDA:2,deleteNote
FNDA:3,searchNotes
FNDA:2,getNotesStats
DA:34,2
DA:44,1
DA:51,2
DA:55,2
DA:62,6
DA:67,6
DA:74,1
DA:82,1
DA:89,1
DA:97,1
DA:108,2
DA:115,1
DA:122,2
DA:129,1
DA:136,3
DA:137,2
DA:140,1
DA:151,1
DA:164,2
DA:166,2
DA:167,2
DA:168,2
DA:170,2
DA:171,3
DA:174,2
LF:25
LH:25
BRDA:136,0,0,2
BRDA:136,0,1,1
BRDA:171,1,0,3
BRDA:171,1,1,2
BRF:4
BRH:4
end_of_record
TN:
SF:src\lib\notification-store.ts
FN:33,(anonymous_0)
FN:37,(anonymous_1)
FN:45,(anonymous_2)
FN:50,(anonymous_3)
FN:51,(anonymous_4)
FN:52,(anonymous_5)
FN:55,(anonymous_6)
FN:62,(anonymous_7)
FN:63,(anonymous_8)
FN:64,(anonymous_9)
FN:68,(anonymous_10)
FN:71,(anonymous_11)
FN:72,(anonymous_12)
FN:73,(anonymous_13)
FN:75,(anonymous_14)
FN:84,(anonymous_15)
FN:85,(anonymous_16)
FN:94,(anonymous_17)
FN:101,(anonymous_18)
FN:108,(anonymous_19)
FN:115,(anonymous_20)
FN:122,(anonymous_21)
FN:129,(anonymous_22)
FN:136,(anonymous_23)
FN:151,loadAnnouncementsIntoNotifications
FN:160,(anonymous_25)
FNF:26
FNH:26
FNDA:1,(anonymous_0)
FNDA:141,(anonymous_1)
FNDA:141,(anonymous_2)
FNDA:1,(anonymous_3)
FNDA:1,(anonymous_4)
FNDA:1,(anonymous_5)
FNDA:1,(anonymous_6)
FNDA:1,(anonymous_7)
FNDA:1,(anonymous_8)
FNDA:2,(anonymous_9)
FNDA:24,(anonymous_10)
FNDA:1,(anonymous_11)
FNDA:1,(anonymous_12)
FNDA:1,(anonymous_13)
FNDA:1,(anonymous_14)
FNDA:168,(anonymous_15)
FNDA:6132,(anonymous_16)
FNDA:1,(anonymous_17)
FNDA:1,(anonymous_18)
FNDA:2,(anonymous_19)
FNDA:1,(anonymous_20)
FNDA:1,(anonymous_21)
FNDA:2,(anonymous_22)
FNDA:3,(anonymous_23)
FNDA:6,loadAnnouncementsIntoNotifications
FNDA:1,(anonymous_25)
DA:30,1
DA:32,1
DA:34,1
DA:38,141
DA:39,141
DA:45,141
DA:51,1
DA:52,1
DA:53,1
DA:54,1
DA:56,1
DA:63,1
DA:64,2
DA:69,24
DA:72,1
DA:73,1
DA:74,1
DA:75,1
DA:84,168
DA:85,6132
DA:93,1
DA:95,1
DA:102,1
DA:109,2
DA:116,1
DA:123,1
DA:130,2
DA:137,3
DA:142,3
DA:152,6
DA:153,6
DA:154,5
DA:155,4
DA:156,4
DA:159,6
DA:160,6
DA:161,6
DA:162,14
DA:163,14
DA:164,14
DA:165,13
DA:173,1
LF:42
LH:42
BRDA:53,0,0,0
BRDA:53,0,1,1
BRDA:53,1,0,1
BRDA:53,1,1,1
BRDA:56,2,0,1
BRDA:56,2,1,0
BRDA:76,3,0,1
BRDA:76,3,1,0
BRDA:76,4,0,1
BRDA:76,4,1,1
BRDA:111,5,0,1
BRDA:111,5,1,1
BRDA:132,6,0,1
BRDA:132,6,1,1
BRDA:137,7,0,1
BRDA:137,7,1,2
BRDA:139,8,0,1
BRDA:139,8,1,1
BRDA:154,9,0,1
BRDA:154,9,1,4
BRDA:156,10,0,4
BRDA:156,10,1,0
BRDA:162,11,0,3
BRDA:162,11,1,11
BRDA:164,12,0,13
BRDA:164,12,1,1
BRDA:173,13,0,0
BRDA:173,13,1,1
BRF:28
BRH:23
end_of_record
TN:
SF:src\lib\otp-store.ts
FN:5,cleanExpiredOtps
FN:15,ensureOtpCapacity
FNF:2
FNH:2
FNDA:8,cleanExpiredOtps
FNDA:5,ensureOtpCapacity
DA:1,1
DA:2,1
DA:6,8
DA:7,8
DA:8,3010
DA:9,5
DA:16,5
DA:17,3
DA:20,5
DA:21,3
DA:22,3
LF:11
LH:11
BRDA:8,0,0,5
BRDA:8,0,1,3005
BRDA:16,1,0,3
BRDA:16,1,1,2
BRDA:20,2,0,3
BRDA:20,2,1,2
BRDA:22,3,0,3
BRDA:22,3,1,0
BRF:8
BRH:7
end_of_record
TN:
SF:src\lib\role-utils.ts
FN:9,validateRole
FN:19,isValidRole
FNF:2
FNH:2
FNDA:17,validateRole
FNDA:14,isValidRole
DA:3,1
DA:10,17
DA:11,3
DA:13,14
DA:20,14
LF:5
LH:5
BRDA:10,0,0,3
BRDA:10,0,1,14
BRDA:10,1,0,17
BRDA:10,1,1,11
BRDA:20,2,0,14
BRDA:20,2,1,8
BRF:6
BRH:6
end_of_record
TN:
SF:src\lib\safe-json.ts
FN:5,safeJson
FN:21,safeJsonParse
FNF:2
FNH:2
FNDA:6,safeJson
FNDA:12,safeJsonParse
DA:9,6
DA:10,6
DA:11,5
DA:12,3
DA:14,3
DA:22,12
DA:23,9
DA:24,9
DA:26,2
LF:9
LH:9
BRDA:7,0,0,6
BRDA:11,1,0,2
BRDA:11,1,1,3
BRDA:21,2,0,12
BRDA:22,3,0,3
BRDA:22,3,1,9
BRF:6
BRH:6
end_of_record
TN:
SF:src\lib\study-sessions-utils.ts
FN:66,calculateSessionXP
FN:75,formatDuration
FN:90,toDateString
FN:100,fromDateString
FN:108,createSession
FN:127,getSessionsByDate
FN:141,getTodaySessions
FN:149,getTodayTotalMs
FN:151,(anonymous_8)
FN:157,getTotalStudyTimeMs
FN:162,(anonymous_10)
FN:168,getWeeklyStats
FN:187,(anonymous_12)
FN:209,(anonymous_13)
FN:213,(anonymous_14)
FN:229,getStreakInfo
FN:242,(anonymous_16)
FN:311,getHeatmapData
FNF:18
FNH:18
FNDA:13,calculateSessionXP
FNDA:8,formatDuration
FNDA:104,toDateString
FNDA:1,fromDateString
FNDA:3,createSession
FNDA:9,getSessionsByDate
FNDA:7,getTodaySessions
FNDA:4,getTodayTotalMs
FNDA:3,(anonymous_8)
FNDA:1,getTotalStudyTimeMs
FNDA:3,(anonymous_10)
FNDA:2,getWeeklyStats
FNDA:1,(anonymous_12)
FNDA:30,(anonymous_13)
FNDA:35,(anonymous_14)
FNDA:2,getStreakInfo
FNDA:1,(anonymous_16)
FNDA:2,getHeatmapData
DA:59,1
DA:60,1
DA:61,1
DA:67,13
DA:68,13
DA:69,13
DA:76,8
DA:77,6
DA:78,6
DA:79,6
DA:81,6
DA:82,4
DA:84,2
DA:91,104
DA:92,104
DA:93,104
DA:94,104
DA:101,1
DA:102,1
DA:109,3
DA:111,3
DA:121,2
DA:128,9
DA:135,9
DA:142,7
DA:143,7
DA:150,4
DA:151,4
DA:158,1
DA:162,3
DA:172,2
DA:176,2
DA:177,2
DA:179,2
DA:180,5
DA:181,5
DA:182,5
DA:183,5
DA:184,5
DA:185,5
DA:187,5
DA:188,1
DA:189,1
DA:192,5
DA:193,5
DA:194,35
DA:195,35
DA:196,35
DA:197,35
DA:200,5
DA:201,0
DA:202,0
DA:203,0
DA:204,0
DA:205,0
DA:209,5
DA:210,30
DA:213,35
DA:215,5
DA:223,5
DA:230,2
DA:234,2
DA:235,2
DA:236,2
DA:238,2
DA:239,2
DA:242,2
DA:244,2
DA:245,1
DA:255,1
DA:256,1
DA:257,1
DA:258,1
DA:261,2
DA:262,2
DA:264,2
DA:265,1
DA:268,1
DA:269,1
DA:270,1
DA:271,0
DA:272,0
DA:273,1
DA:274,1
DA:279,1
DA:280,1
DA:281,1
DA:283,1
DA:284,1
DA:285,1
DA:286,1
DA:288,0
DA:289,0
DA:290,0
DA:292,0
DA:295,1
DA:296,1
DA:299,1
DA:312,2
DA:316,2
DA:317,2
DA:319,2
DA:320,2
DA:321,2
DA:322,2
DA:324,2
DA:327,2
DA:328,2
DA:329,2
DA:330,2
DA:331,2
DA:335,2
DA:336,2
DA:338,2
DA:339,47
DA:340,47
DA:342,47
DA:343,47
DA:344,47
DA:345,47
DA:346,47
DA:348,47
DA:349,47
DA:352,2
LF:124
LH:113
BRDA:76,0,0,2
BRDA:76,0,1,6
BRDA:81,1,0,4
BRDA:81,1,1,2
BRDA:82,2,0,2
BRDA:82,2,1,2
BRDA:109,3,0,3
BRDA:109,3,1,2
BRDA:170,4,0,2
BRDA:189,5,0,1
BRDA:189,5,1,0
BRDA:203,6,0,0
BRDA:203,6,1,0
BRDA:244,7,0,1
BRDA:244,7,1,1
BRDA:258,8,0,1
BRDA:258,8,1,1
BRDA:264,9,0,1
BRDA:264,9,1,1
BRDA:270,10,0,0
BRDA:270,10,1,1
BRDA:273,11,0,1
BRDA:273,11,1,0
BRDA:285,12,0,1
BRDA:285,12,1,0
BRDA:289,13,0,0
BRDA:289,13,1,0
BRDA:311,14,0,2
BRDA:330,15,0,2
BRDA:330,15,1,2
BRDA:340,16,0,47
BRDA:340,16,1,46
BRDA:343,17,0,1
BRDA:343,17,1,46
BRDA:344,18,0,1
BRDA:344,18,1,46
BRDA:345,19,0,0
BRDA:345,19,1,47
BRDA:346,20,0,0
BRDA:346,20,1,47
BRF:40
BRH:30
end_of_record
TN:
SF:src\lib\totp.ts
FN:7,base32Encode
FN:19,base32Decode
FN:35,generateHmac
FN:41,truncate
FN:51,generateSecret
FN:55,generateTotp
FN:61,verifyTotp
FN:71,getOtpauthUrl
FNF:8
FNH:8
FNDA:9,base32Encode
FNDA:11,base32Decode
FNDA:11,generateHmac
FNDA:11,truncate
FNDA:9,generateSecret
FNDA:7,generateTotp
FNDA:3,verifyTotp
FNDA:1,getOtpauthUrl
DA:1,1
DA:3,1
DA:4,1
DA:5,1
DA:8,9
DA:9,9
DA:10,180
DA:11,9
DA:12,9
DA:13,288
DA:14,288
DA:16,9
DA:20,11
DA:21,11
DA:22,11
DA:23,11
DA:24,352
DA:25,352
DA:26,352
DA:28,11
DA:29,11
DA:30,220
DA:32,11
DA:36,11
DA:37,11
DA:38,11
DA:42,11
DA:43,11
DA:48,11
DA:52,9
DA:56,7
DA:57,7
DA:58,7
DA:62,3
DA:63,3
DA:64,4
DA:65,4
DA:66,4
DA:68,1
DA:72,1
DA:73,1
DA:74,1
LF:42
LH:42
BRDA:25,0,0,0
BRDA:25,0,1,352
BRDA:56,1,0,7
BRDA:56,1,1,1
BRDA:61,2,0,3
BRDA:66,3,0,2
BRDA:66,3,1,2
BRF:7
BRH:6
end_of_record
TN:
SF:src\lib\utils.ts
FN:4,cn
FNF:1
FNH:1
FNDA:12,cn
DA:5,12
LF:1
LH:1
BRF:0
BRH:0
end_of_record
TN:
SF:src\lib\validate-uuid.ts
FN:3,validateUuid
FNF:1
FNH:1
FNDA:47,validateUuid
DA:1,1
DA:4,47
LF:2
LH:2
BRF:0
BRH:0
end_of_record
TN:
SF:src\lib\xp-utils.ts
FN:77,getRank
FN:84,getLevel
FN:96,getXpForNextLevel
FN:121,calculateStreakBonus
FNF:4
FNH:4
FNDA:189,getRank
FNDA:139,getLevel
FNDA:3,getXpForNextLevel
FNDA:4,calculateStreakBonus
DA:20,1
DA:73,1
DA:78,189
DA:79,173
DA:80,154
DA:81,108
DA:85,139
DA:86,139
DA:87,5095
DA:88,4963
DA:90,132
DA:93,139
DA:97,3
DA:98,3
DA:99,1
DA:101,2
DA:102,3
DA:103,3
DA:111,1
DA:122,4
LF:20
LH:20
BRDA:78,0,0,16
BRDA:78,0,1,173
BRDA:79,1,0,19
BRDA:79,1,1,154
BRDA:80,2,0,46
BRDA:80,2,1,108
BRDA:87,3,0,4963
BRDA:87,3,1,132
BRDA:98,4,0,1
BRDA:98,4,1,2
BRDA:101,5,0,2
BRDA:101,5,1,0
BRDA:102,6,0,3
BRDA:102,6,1,0
BRF:14
BRH:12
end_of_record
TN:
SF:src\lib\data\achievements-data.ts
FN:151,isAchievementUnlocked
FN:166,(anonymous_1)
FN:175,(anonymous_2)
FNF:3
FNH:0
FNDA:0,isAchievementUnlocked
FNDA:0,(anonymous_1)
FNDA:0,(anonymous_2)
DA:6,6
DA:158,0
DA:159,0
DA:160,0
DA:161,0
DA:162,0
DA:163,0
DA:164,0
DA:165,0
DA:166,0
DA:167,0
DA:168,0
DA:169,0
DA:170,0
DA:171,0
DA:172,0
DA:173,0
DA:174,0
DA:175,0
DA:176,0
DA:177,0
DA:178,0
DA:179,0
DA:180,0
DA:181,0
DA:182,0
LF:26
LH:1
BRDA:156,0,0,0
BRDA:158,1,0,0
BRDA:158,1,1,0
BRDA:158,1,2,0
BRDA:158,1,3,0
BRDA:158,1,4,0
BRDA:158,1,5,0
BRDA:158,1,6,0
BRDA:158,1,7,0
BRDA:158,1,8,0
BRDA:158,1,9,0
BRDA:158,1,10,0
BRDA:158,1,11,0
BRDA:158,1,12,0
BRDA:158,1,13,0
BRDA:158,1,14,0
BRDA:158,1,15,0
BRDA:158,1,16,0
BRDA:158,1,17,0
BRDA:158,1,18,0
BRDA:158,1,19,0
BRDA:158,1,20,0
BRDA:158,1,21,0
BRDA:158,1,22,0
BRDA:158,1,23,0
BRDA:172,2,0,0
BRDA:172,2,1,0
BRDA:176,3,0,0
BRDA:176,3,1,0
BRDA:177,4,0,0
BRDA:177,4,1,0
BRDA:178,5,0,0
BRDA:178,5,1,0
BRDA:180,6,0,0
BRDA:180,6,1,0
BRDA:181,7,0,0
BRDA:181,7,1,0
BRF:37
BRH:0
end_of_record
TN:
SF:src\lib\data\api-security-data.ts
FNF:0
FNH:0
DA:1,6
LF:1
LH:1
BRF:0
BRH:0
end_of_record
TN:
SF:src\lib\data\career-paths-data.ts
FNF:0
FNH:0
DA:19,6
DA:113,6
DA:140,6
LF:3
LH:3
BRF:0
BRH:0
end_of_record
TN:
SF:src\lib\data\csrf-data.ts
FNF:0
FNH:0
DA:5,6
DA:40,6
DA:151,6
DA:286,6
LF:4
LH:4
BRF:0
BRH:0
end_of_record
TN:
SF:src\lib\data\glossary-data.ts
FNF:0
FNH:0
DA:1,6
LF:1
LH:1
BRF:0
BRH:0
end_of_record
TN:
SF:src\lib\data\idor-data.ts
FNF:0
FNH:0
DA:14,6
DA:310,6
LF:2
LH:2
BRF:0
BRH:0
end_of_record
TN:
SF:src\lib\data\index.ts
FNF:0
FNH:0
LF:0
LH:0
BRF:0
BRH:0
end_of_record
TN:
SF:src\lib\data\modules-data.ts
FNF:0
FNH:0
DA:1,6
LF:1
LH:1
BRF:0
BRH:0
end_of_record
TN:
SF:src\lib\data\owasp-data.ts
FNF:0
FNH:0
DA:4,6
LF:1
LH:1
BRF:0
BRH:0
end_of_record
TN:
SF:src\lib\data\phishing-data.ts
FNF:0
FNH:0
DA:28,6
DA:269,6
LF:2
LH:2
BRF:0
BRH:0
end_of_record
TN:
SF:src\lib\data\quiz-data.ts
FNF:0
FNH:0
DA:14,6
DA:2813,6
LF:2
LH:2
BRF:0
BRH:0
end_of_record
TN:
SF:src\lib\data\secure-coding-data.ts
FNF:0
FNH:0
DA:4,6
LF:1
LH:1
BRF:0
BRH:0
end_of_record
TN:
SF:src\lib\data\security-headers-data.ts
FNF:0
FNH:0
DA:15,6
LF:1
LH:1
BRF:0
BRH:0
end_of_record
TN:
SF:src\lib\data\sql-data.ts
FNF:0
FNH:0
DA:4,6
LF:1
LH:1
BRF:0
BRH:0
end_of_record
TN:
SF:src\lib\data\ssrf-data.ts
FNF:0
FNH:0
DA:14,6
DA:386,6
LF:2
LH:2
BRF:0
BRH:0
end_of_record
TN:
SF:src\lib\data\xss-data.ts
FNF:0
FNH:0
DA:15,6
LF:1
LH:1
BRF:0
BRH:0
end_of_record
TN:
SF:src\lib\validations\api.ts
FNF:0
FNH:0
DA:4,3
DA:16,3
DA:28,3
DA:36,3
DA:51,3
DA:64,3
DA:71,3
DA:78,3
DA:86,3
DA:102,3
DA:127,3
DA:146,3
DA:153,3
DA:160,3
DA:168,3
DA:176,3
DA:187,3
DA:192,3
DA:206,3
DA:213,3
DA:220,3
DA:227,3
DA:239,3
DA:249,3
DA:265,3
LF:25
LH:25
BRF:0
BRH:0
end_of_record
TN:
SF:src\messages\en.json
FNF:0
FNH:0
DA:1,1
DA:2,1
DA:3,1
DA:4,1
DA:5,1
DA:6,1
DA:7,1
DA:8,1
DA:9,1
DA:10,1
DA:11,1
DA:12,1
DA:13,1
DA:14,1
DA:15,1
DA:16,1
DA:17,1
DA:18,1
DA:19,1
DA:20,1
DA:21,1
DA:22,1
DA:23,1
LF:23
LH:23
BRF:0
BRH:0
end_of_record
TN:
SF:src\messages\ru.json
FNF:0
FNH:0
DA:1,1
DA:2,1
DA:3,1
DA:4,1
DA:5,1
DA:6,1
DA:7,1
DA:8,1
DA:9,1
DA:10,1
DA:11,1
DA:12,1
DA:13,1
DA:14,1
DA:15,1
DA:16,1
DA:17,1
DA:18,1
DA:19,1
DA:20,1
DA:21,1
DA:22,1
DA:23,1
LF:23
LH:23
BRF:0
BRH:0
end_of_record
TN:
SF:src\messages\zh.json
FNF:0
FNH:0
DA:1,1
DA:2,1
DA:3,1
DA:4,1
DA:5,1
DA:6,1
DA:7,1
DA:8,1
DA:9,1
DA:10,1
DA:11,1
DA:12,1
DA:13,1
DA:14,1
DA:15,1
DA:16,1
DA:17,1
DA:18,1
DA:19,1
DA:20,1
DA:21,1
DA:22,1
DA:23,1
LF:23
LH:23
BRF:0
BRH:0
end_of_record
